{"/workspaces/withProps/lib/index.tsx": {"path":"/workspaces/withProps/lib/index.tsx","statementMap":{"0":{"start":{"line":15,"column":18},"end":{"line":32,"column":1}},"1":{"start":{"line":18,"column":50},"end":{"line":18,"column":60}},"2":{"start":{"line":19,"column":6},"end":{"line":23,"column":7}},"3":{"start":{"line":26,"column":35},"end":{"line":28,"column":4}},"4":{"start":{"line":27,"column":4},"end":{"line":27,"column":47}},"5":{"start":{"line":29,"column":15},"end":{"line":29,"column":52}},"6":{"start":{"line":30,"column":2},"end":{"line":30,"column":61}},"7":{"start":{"line":31,"column":2},"end":{"line":31,"column":65}}},"fnMap":{"0":{"name":"(anonymous_0)","decl":{"start":{"line":15,"column":18},"end":{"line":15,"column":19}},"loc":{"start":{"line":15,"column":198},"end":{"line":32,"column":1}},"line":15},"1":{"name":"(anonymous_1)","decl":{"start":{"line":17,"column":4},"end":{"line":17,"column":5}},"loc":{"start":{"line":17,"column":31},"end":{"line":24,"column":5}},"line":17},"2":{"name":"(anonymous_2)","decl":{"start":{"line":26,"column":55},"end":{"line":26,"column":56}},"loc":{"start":{"line":27,"column":4},"end":{"line":27,"column":47}},"line":27}},"branchMap":{"0":{"loc":{"start":{"line":21,"column":11},"end":{"line":21,"column":37}},"type":"binary-expr","locations":[{"start":{"line":21,"column":11},"end":{"line":21,"column":19}},{"start":{"line":21,"column":23},"end":{"line":21,"column":37}}],"line":21},"1":{"loc":{"start":{"line":29,"column":15},"end":{"line":29,"column":52}},"type":"binary-expr","locations":[{"start":{"line":29,"column":15},"end":{"line":29,"column":35}},{"start":{"line":29,"column":39},"end":{"line":29,"column":52}}],"line":29}},"s":{"0":1,"1":6,"2":6,"3":8,"4":6,"5":8,"6":8,"7":8},"f":{"0":8,"1":6,"2":6},"b":{"0":[6,3],"1":[8,5]},"_coverageSchema":"1a1c01bbd47fc00a2c39e90264f33305004495a9","hash":"5b94988c2170e5b5d9a951530f6d4bc5eb794731"}
,"/workspaces/withProps/tests/TestComponent.tsx": {"path":"/workspaces/withProps/tests/TestComponent.tsx","statementMap":{"0":{"start":{"line":9,"column":2},"end":{"line":23,"column":3}}},"fnMap":{"0":{"name":"TestComponent","decl":{"start":{"line":8,"column":9},"end":{"line":8,"column":22}},"loc":{"start":{"line":8,"column":72},"end":{"line":24,"column":1}},"line":8}},"branchMap":{"0":{"loc":{"start":{"line":12,"column":8},"end":{"line":14,"column":16}},"type":"cond-expr","locations":[{"start":{"line":13,"column":12},"end":{"line":13,"column":24}},{"start":{"line":14,"column":12},"end":{"line":14,"column":16}}],"line":12},"1":{"loc":{"start":{"line":18,"column":8},"end":{"line":20,"column":16}},"type":"cond-expr","locations":[{"start":{"line":19,"column":12},"end":{"line":19,"column":24}},{"start":{"line":20,"column":12},"end":{"line":20,"column":16}}],"line":18}},"s":{"0":4},"f":{"0":4},"b":{"0":[2,2],"1":[1,3]},"_coverageSchema":"1a1c01bbd47fc00a2c39e90264f33305004495a9","hash":"0dc399903927050da6c366c81f65f69a16b3f4c9"}
,"/workspaces/withProps/tests/TestInputComponent.tsx": {"path":"/workspaces/withProps/tests/TestInputComponent.tsx","statementMap":{"0":{"start":{"line":3,"column":37},"end":{"line":3,"column":68}},"1":{"start":{"line":3,"column":46},"end":{"line":3,"column":68}}},"fnMap":{"0":{"name":"(anonymous_0)","decl":{"start":{"line":3,"column":37},"end":{"line":3,"column":38}},"loc":{"start":{"line":3,"column":46},"end":{"line":3,"column":68}},"line":3}},"branchMap":{},"s":{"0":1,"1":2},"f":{"0":2},"b":{},"_coverageSchema":"1a1c01bbd47fc00a2c39e90264f33305004495a9","hash":"a409a0f108fc00169b15a98827a21e01b790aca4"}
,"/workspaces/withProps/tests/TestRefComponent.tsx": {"path":"/workspaces/withProps/tests/TestRefComponent.tsx","statementMap":{"0":{"start":{"line":3,"column":68},"end":{"line":3,"column":98}}},"fnMap":{"0":{"name":"(anonymous_0)","decl":{"start":{"line":3,"column":51},"end":{"line":3,"column":52}},"loc":{"start":{"line":3,"column":68},"end":{"line":3,"column":98}},"line":3}},"branchMap":{},"s":{"0":1},"f":{"0":1},"b":{},"_coverageSchema":"1a1c01bbd47fc00a2c39e90264f33305004495a9","hash":"e4a5af19669437d28527854dd9a031c182c7233d"}
}
