TN:
SF:lib/index.tsx
FN:15,(anonymous_0)
FN:17,(anonymous_1)
FN:26,(anonymous_2)
FNF:3
FNH:3
FNDA:8,(anonymous_0)
FNDA:6,(anonymous_1)
FNDA:6,(anonymous_2)
DA:15,1
DA:18,6
DA:19,6
DA:26,8
DA:27,6
DA:29,8
DA:30,8
DA:31,8
LF:8
LH:8
BRDA:21,0,0,6
BRDA:21,0,1,3
BRDA:29,1,0,8
BRDA:29,1,1,5
BRF:4
BRH:4
end_of_record
TN:
SF:tests/TestComponent.tsx
FN:8,TestComponent
FNF:1
FNH:1
FNDA:4,TestComponent
DA:9,4
LF:1
LH:1
BRDA:12,0,0,2
BRDA:12,0,1,2
BRDA:18,1,0,1
BRDA:18,1,1,3
BRF:4
BRH:4
end_of_record
TN:
SF:tests/TestInputComponent.tsx
FN:3,(anonymous_0)
FNF:1
FNH:1
FNDA:2,(anonymous_0)
DA:3,2
LF:1
LH:1
BRF:0
BRH:0
end_of_record
TN:
SF:tests/TestRefComponent.tsx
FN:3,(anonymous_0)
FNF:1
FNH:1
FNDA:1,(anonymous_0)
DA:3,1
LF:1
LH:1
BRF:0
BRH:0
end_of_record
